{"/home/melle/Projects/playground/plan/tinyduration/src/index.ts": {"path":"/home/melle/Projects/playground/plan/tinyduration/src/index.ts","statementMap":{"0":{"start":{"line":13,"column":10},"end":{"line":13,"column":57}},"1":{"start":{"line":13,"column":50},"end":{"line":13,"column":null}},"2":{"start":{"line":14,"column":22},"end":{"line":26,"column":null}},"3":{"start":{"line":30,"column":4},"end":{"line":32,"column":null}},"4":{"start":{"line":31,"column":8},"end":{"line":31,"column":null}},"5":{"start":{"line":34,"column":4},"end":{"line":34,"column":null}},"6":{"start":{"line":37,"column":13},"end":{"line":37,"column":null}},"7":{"start":{"line":40,"column":18},"end":{"line":40,"column":49}},"8":{"start":{"line":41,"column":4},"end":{"line":43,"column":null}},"9":{"start":{"line":42,"column":8},"end":{"line":42,"column":null}},"10":{"start":{"line":45,"column":10},"end":{"line":45,"column":12}},"11":{"start":{"line":45,"column":12},"end":{"line":45,"column":23}},"12":{"start":{"line":45,"column":25},"end":{"line":45,"column":32}},"13":{"start":{"line":45,"column":34},"end":{"line":45,"column":42}},"14":{"start":{"line":45,"column":44},"end":{"line":45,"column":51}},"15":{"start":{"line":45,"column":53},"end":{"line":45,"column":60}},"16":{"start":{"line":45,"column":62},"end":{"line":45,"column":68}},"17":{"start":{"line":45,"column":70},"end":{"line":45,"column":79}},"18":{"start":{"line":45,"column":81},"end":{"line":45,"column":107}},"19":{"start":{"line":46,"column":4},"end":{"line":48,"column":null}},"20":{"start":{"line":47,"column":8},"end":{"line":47,"column":null}},"21":{"start":{"line":50,"column":4},"end":{"line":59,"column":null}},"22":{"start":{"line":39,"column":0},"end":{"line":39,"column":16}},"23":{"start":{"line":63,"column":4},"end":{"line":73,"column":null}},"24":{"start":{"line":72,"column":8},"end":{"line":72,"column":null}},"25":{"start":{"line":75,"column":4},"end":{"line":86,"column":null}},"26":{"start":{"line":62,"column":0},"end":{"line":62,"column":16}}},"fnMap":{"0":{"name":"(anonymous_0)","decl":{"start":{"line":13,"column":10},"end":{"line":13,"column":11}},"loc":{"start":{"line":13,"column":37},"end":{"line":13,"column":57}}},"1":{"name":"parseNum","decl":{"start":{"line":29,"column":9},"end":{"line":29,"column":17}},"loc":{"start":{"line":29,"column":27},"end":{"line":35,"column":1}}},"2":{"name":"parse","decl":{"start":{"line":39,"column":16},"end":{"line":39,"column":21}},"loc":{"start":{"line":39,"column":41},"end":{"line":60,"column":1}}},"3":{"name":"toString","decl":{"start":{"line":62,"column":16},"end":{"line":62,"column":24}},"loc":{"start":{"line":62,"column":43},"end":{"line":87,"column":1}}}},"branchMap":{"0":{"loc":{"start":{"line":30,"column":4},"end":{"line":32,"column":null}},"type":"if","locations":[{"start":{"line":30,"column":4},"end":{"line":32,"column":null}},{"start":{"line":30,"column":4},"end":{"line":32,"column":null}}]},"1":{"loc":{"start":{"line":30,"column":8},"end":{"line":30,"column":16}},"type":"binary-expr","locations":[{"start":{"line":30,"column":8},"end":{"line":30,"column":16}},{"start":{"line":30,"column":20},"end":{"line":30,"column":35}},{"start":{"line":30,"column":39},"end":{"line":30,"column":49}}]},"2":{"loc":{"start":{"line":41,"column":4},"end":{"line":43,"column":null}},"type":"if","locations":[{"start":{"line":41,"column":4},"end":{"line":43,"column":null}},{"start":{"line":41,"column":4},"end":{"line":43,"column":null}}]},"3":{"loc":{"start":{"line":41,"column":8},"end":{"line":41,"column":14}},"type":"binary-expr","locations":[{"start":{"line":41,"column":8},"end":{"line":41,"column":14}},{"start":{"line":41,"column":18},"end":{"line":41,"column":31}}]},"4":{"loc":{"start":{"line":46,"column":4},"end":{"line":48,"column":null}},"type":"if","locations":[{"start":{"line":46,"column":4},"end":{"line":48,"column":null}},{"start":{"line":46,"column":4},"end":{"line":48,"column":null}}]},"5":{"loc":{"start":{"line":46,"column":8},"end":{"line":46,"column":16}},"type":"binary-expr","locations":[{"start":{"line":46,"column":8},"end":{"line":46,"column":16}},{"start":{"line":46,"column":20},"end":{"line":46,"column":29}},{"start":{"line":46,"column":33},"end":{"line":46,"column":41}},{"start":{"line":46,"column":45},"end":{"line":46,"column":53}},{"start":{"line":46,"column":57},"end":{"line":46,"column":64}},{"start":{"line":46,"column":68},"end":{"line":46,"column":78}},{"start":{"line":46,"column":82},"end":{"line":46,"column":92}}]},"6":{"loc":{"start":{"line":51,"column":18},"end":{"line":51,"column":37}},"type":"binary-expr","locations":[{"start":{"line":51,"column":18},"end":{"line":51,"column":37}},{"start":{"line":51,"column":41},"end":{"line":51,"column":50}}]},"7":{"loc":{"start":{"line":63,"column":4},"end":{"line":73,"column":null}},"type":"if","locations":[{"start":{"line":63,"column":4},"end":{"line":73,"column":null}},{"start":{"line":63,"column":4},"end":{"line":73,"column":null}}]},"8":{"loc":{"start":{"line":64,"column":8},"end":{"line":64,"column":23}},"type":"binary-expr","locations":[{"start":{"line":64,"column":8},"end":{"line":64,"column":23}},{"start":{"line":65,"column":8},"end":{"line":65,"column":24}},{"start":{"line":66,"column":8},"end":{"line":66,"column":23}},{"start":{"line":67,"column":8},"end":{"line":67,"column":22}},{"start":{"line":68,"column":8},"end":{"line":68,"column":23}},{"start":{"line":69,"column":8},"end":{"line":69,"column":25}},{"start":{"line":70,"column":8},"end":{"line":70,"column":25}}]},"9":{"loc":{"start":{"line":76,"column":8},"end":{"line":76,"column":25}},"type":"binary-expr","locations":[{"start":{"line":76,"column":8},"end":{"line":76,"column":25}},{"start":{"line":76,"column":29},"end":{"line":76,"column":32}}]},"10":{"loc":{"start":{"line":78,"column":8},"end":{"line":78,"column":22}},"type":"binary-expr","locations":[{"start":{"line":78,"column":8},"end":{"line":78,"column":22}},{"start":{"line":78,"column":26},"end":{"line":78,"column":46}}]},"11":{"loc":{"start":{"line":79,"column":8},"end":{"line":79,"column":23}},"type":"binary-expr","locations":[{"start":{"line":79,"column":8},"end":{"line":79,"column":23}},{"start":{"line":79,"column":27},"end":{"line":79,"column":48}}]},"12":{"loc":{"start":{"line":80,"column":8},"end":{"line":80,"column":22}},"type":"binary-expr","locations":[{"start":{"line":80,"column":8},"end":{"line":80,"column":22}},{"start":{"line":80,"column":26},"end":{"line":80,"column":46}}]},"13":{"loc":{"start":{"line":81,"column":8},"end":{"line":81,"column":21}},"type":"binary-expr","locations":[{"start":{"line":81,"column":8},"end":{"line":81,"column":21}},{"start":{"line":81,"column":25},"end":{"line":81,"column":44}}]},"14":{"loc":{"start":{"line":82,"column":9},"end":{"line":82,"column":23}},"type":"binary-expr","locations":[{"start":{"line":82,"column":9},"end":{"line":82,"column":23}},{"start":{"line":82,"column":27},"end":{"line":82,"column":43}},{"start":{"line":82,"column":47},"end":{"line":82,"column":63}},{"start":{"line":82,"column":68},"end":{"line":82,"column":71}}]},"15":{"loc":{"start":{"line":83,"column":8},"end":{"line":83,"column":22}},"type":"binary-expr","locations":[{"start":{"line":83,"column":8},"end":{"line":83,"column":22}},{"start":{"line":83,"column":26},"end":{"line":83,"column":46}}]},"16":{"loc":{"start":{"line":84,"column":8},"end":{"line":84,"column":24}},"type":"binary-expr","locations":[{"start":{"line":84,"column":8},"end":{"line":84,"column":24}},{"start":{"line":84,"column":28},"end":{"line":84,"column":50}}]},"17":{"loc":{"start":{"line":85,"column":8},"end":{"line":85,"column":24}},"type":"binary-expr","locations":[{"start":{"line":85,"column":8},"end":{"line":85,"column":24}},{"start":{"line":85,"column":28},"end":{"line":85,"column":50}}]}},"s":{"0":1,"1":7,"2":1,"3":91,"4":65,"5":26,"6":1,"7":16,"8":16,"9":1,"10":15,"11":15,"12":15,"13":15,"14":15,"15":15,"16":15,"17":15,"18":15,"19":15,"20":2,"21":13,"22":1,"23":26,"24":14,"25":12,"26":1},"f":{"0":7,"1":91,"2":16,"3":26},"b":{"0":[65,26],"1":[91,91,26],"2":[1,15],"3":[16,15],"4":[2,13],"5":[15,10,9,8,8,4,2],"6":[13,11],"7":[14,12],"8":[26,21,20,19,16,16,14],"9":[12,2],"10":[12,5],"11":[12,4],"12":[12,1],"13":[12,5],"14":[12,11,4,8],"15":[12,1],"16":[12,8],"17":[12,1]}}
}
