TN:
SF:src/index.ts
FN:13,(anonymous_0)
FN:29,parseNum
FN:39,parse
FN:62,toString
FNF:4
FNH:4
FNDA:7,(anonymous_0)
FNDA:91,parseNum
FNDA:16,parse
FNDA:26,toString
DA:13,7
DA:14,1
DA:30,91
DA:31,65
DA:34,26
DA:37,1
DA:39,1
DA:40,16
DA:41,16
DA:42,1
DA:45,15
DA:46,15
DA:47,2
DA:50,13
DA:62,1
DA:63,26
DA:72,14
DA:75,12
LF:18
LH:18
BRDA:30,0,0,65
BRDA:30,0,1,26
BRDA:30,1,0,91
BRDA:30,1,1,91
BRDA:30,1,2,26
BRDA:41,2,0,1
BRDA:41,2,1,15
BRDA:41,3,0,16
BRDA:41,3,1,15
BRDA:46,4,0,2
BRDA:46,4,1,13
BRDA:46,5,0,15
BRDA:46,5,1,10
BRDA:46,5,2,9
BRDA:46,5,3,8
BRDA:46,5,4,8
BRDA:46,5,5,4
BRDA:46,5,6,2
BRDA:51,6,0,13
BRDA:51,6,1,11
BRDA:63,7,0,14
BRDA:63,7,1,12
BRDA:64,8,0,26
BRDA:64,8,1,21
BRDA:64,8,2,20
BRDA:64,8,3,19
BRDA:64,8,4,16
BRDA:64,8,5,16
BRDA:64,8,6,14
BRDA:76,9,0,12
BRDA:76,9,1,2
BRDA:78,10,0,12
BRDA:78,10,1,5
BRDA:79,11,0,12
BRDA:79,11,1,4
BRDA:80,12,0,12
BRDA:80,12,1,1
BRDA:81,13,0,12
BRDA:81,13,1,5
BRDA:82,14,0,12
BRDA:82,14,1,11
BRDA:82,14,2,4
BRDA:82,14,3,8
BRDA:83,15,0,12
BRDA:83,15,1,1
BRDA:84,16,0,12
BRDA:84,16,1,8
BRDA:85,17,0,12
BRDA:85,17,1,1
BRF:49
BRH:49
end_of_record
